{"total": {"lines":{"total":190,"covered":187,"skipped":0,"pct":98.42},"statements":{"total":207,"covered":204,"skipped":0,"pct":98.55},"functions":{"total":33,"covered":30,"skipped":0,"pct":90.9},"branches":{"total":63,"covered":60,"skipped":0,"pct":95.23},"branchesTrue":{"total":0,"covered":0,"skipped":0,"pct":100}}
,"/mnt/ext2/code/prompts/github/forks/ioBroker.alexa-shoppinglist/src/app/addPosition.ts": {"lines":{"total":35,"covered":35,"skipped":0,"pct":100},"functions":{"total":4,"covered":3,"skipped":0,"pct":75},"statements":{"total":37,"covered":37,"skipped":0,"pct":100},"branches":{"total":6,"covered":6,"skipped":0,"pct":100}}
,"/mnt/ext2/code/prompts/github/forks/ioBroker.alexa-shoppinglist/src/app/deleteOrSetAsCompleted.ts": {"lines":{"total":8,"covered":8,"skipped":0,"pct":100},"functions":{"total":1,"covered":1,"skipped":0,"pct":100},"statements":{"total":9,"covered":9,"skipped":0,"pct":100},"branches":{"total":0,"covered":0,"skipped":0,"pct":100}}
,"/mnt/ext2/code/prompts/github/forks/ioBroker.alexa-shoppinglist/src/app/getAlexaDevices.ts": {"lines":{"total":12,"covered":12,"skipped":0,"pct":100},"functions":{"total":1,"covered":1,"skipped":0,"pct":100},"statements":{"total":14,"covered":14,"skipped":0,"pct":100},"branches":{"total":8,"covered":8,"skipped":0,"pct":100}}
,"/mnt/ext2/code/prompts/github/forks/ioBroker.alexa-shoppinglist/src/app/getShoppingLists.ts": {"lines":{"total":12,"covered":12,"skipped":0,"pct":100},"functions":{"total":1,"covered":1,"skipped":0,"pct":100},"statements":{"total":14,"covered":14,"skipped":0,"pct":100},"branches":{"total":6,"covered":6,"skipped":0,"pct":100}}
,"/mnt/ext2/code/prompts/github/forks/ioBroker.alexa-shoppinglist/src/app/ids.ts": {"lines":{"total":29,"covered":29,"skipped":0,"pct":100},"functions":{"total":10,"covered":10,"skipped":0,"pct":100},"statements":{"total":30,"covered":30,"skipped":0,"pct":100},"branches":{"total":8,"covered":7,"skipped":0,"pct":87.5}}
,"/mnt/ext2/code/prompts/github/forks/ioBroker.alexa-shoppinglist/src/app/logging.ts": {"lines":{"total":12,"covered":12,"skipped":0,"pct":100},"functions":{"total":1,"covered":1,"skipped":0,"pct":100},"statements":{"total":13,"covered":13,"skipped":0,"pct":100},"branches":{"total":10,"covered":10,"skipped":0,"pct":100}}
,"/mnt/ext2/code/prompts/github/forks/ioBroker.alexa-shoppinglist/src/app/shiftPosition.ts": {"lines":{"total":18,"covered":16,"skipped":0,"pct":88.88},"functions":{"total":3,"covered":1,"skipped":0,"pct":33.33},"statements":{"total":19,"covered":17,"skipped":0,"pct":89.47},"branches":{"total":4,"covered":4,"skipped":0,"pct":100}}
,"/mnt/ext2/code/prompts/github/forks/ioBroker.alexa-shoppinglist/src/app/timeout.ts": {"lines":{"total":7,"covered":7,"skipped":0,"pct":100},"functions":{"total":3,"covered":3,"skipped":0,"pct":100},"statements":{"total":8,"covered":8,"skipped":0,"pct":100},"branches":{"total":2,"covered":2,"skipped":0,"pct":100}}
,"/mnt/ext2/code/prompts/github/forks/ioBroker.alexa-shoppinglist/src/app/updateListsOnChange.ts": {"lines":{"total":27,"covered":27,"skipped":0,"pct":100},"functions":{"total":2,"covered":2,"skipped":0,"pct":100},"statements":{"total":28,"covered":28,"skipped":0,"pct":100},"branches":{"total":8,"covered":7,"skipped":0,"pct":87.5}}
,"/mnt/ext2/code/prompts/github/forks/ioBroker.alexa-shoppinglist/src/app/writeState.ts": {"lines":{"total":8,"covered":8,"skipped":0,"pct":100},"functions":{"total":1,"covered":1,"skipped":0,"pct":100},"statements":{"total":9,"covered":9,"skipped":0,"pct":100},"branches":{"total":0,"covered":0,"skipped":0,"pct":100}}
,"/mnt/ext2/code/prompts/github/forks/ioBroker.alexa-shoppinglist/src/lib/utils.ts": {"lines":{"total":22,"covered":21,"skipped":0,"pct":95.45},"functions":{"total":6,"covered":6,"skipped":0,"pct":100},"statements":{"total":26,"covered":25,"skipped":0,"pct":96.15},"branches":{"total":11,"covered":10,"skipped":0,"pct":90.9}}
}
